Using pre-set license
Built from '2020.3/release' branch; Version is '2020.3.1f1 (77a89f25062f) revision 7841951'; Using compiler version '192528614'; Build Type 'Release'
OS: 'Windows 10 Education; OS build 19042.1645; Version 2009; 64bit' Language: 'ko' Physical Memory: 24522 MB
BatchMode: 1, IsHumanControllingUs: 0, StartBugReporterOnCrash: 0, Is64bit: 1, IsPro: 0

 COMMAND LINE ARGUMENTS:
C:\2020.3.1f1\Editor\Unity.exe
-adb2
-batchMode
-noUpm
-name
AssetImportWorker0
-projectPath
F:/2DPlatformer/Draw_VR
-logFile
Logs/AssetImportWorker0.log
-srvPort
4166
Successfully changed project path to: F:/2DPlatformer/Draw_VR
F:/2DPlatformer/Draw_VR
Using Asset Import Pipeline V2.
Refreshing native plugins compatible for Editor in 641.06 ms, found 4 plugins.
Preloading 1 native plugins for Editor in 2.53 ms.
Initialize engine version: 2020.3.1f1 (77a89f25062f)
[Subsystems] Discovering subsystems at path C:/2020.3.1f1/Editor/Data/Resources/UnitySubsystems
[Subsystems] Discovering subsystems at path F:/2DPlatformer/Draw_VR/Assets
GfxDevice: creating device client; threaded=0
Direct3D:
    Version:  Direct3D 11.0 [level 11.1]
    Renderer: NVIDIA GeForce GTX 1660 SUPER (ID=0x21c4)
    Vendor:   
    VRAM:     5991 MB
    Driver:   30.0.15.1215
Shader 'Oculus/OVRMRCameraFrameLit': fallback shader 'Alpha-Diffuse' not found
Initialize mono
Mono path[0] = 'C:/2020.3.1f1/Editor/Data/Managed'
Mono path[1] = 'C:/2020.3.1f1/Editor/Data/MonoBleedingEdge/lib/mono/unityjit'
Mono config path = 'C:/2020.3.1f1/Editor/Data/MonoBleedingEdge/etc'
Using monoOptions --debugger-agent=transport=dt_socket,embedding=1,server=y,suspend=n,address=127.0.0.1:56160
Begin MonoManager ReloadAssembly
Registering precompiled unity dll's ...
Register platform support module: C:/2020.3.1f1/Editor/Data/PlaybackEngines/WindowsStandaloneSupport/UnityEditor.WindowsStandalone.Extensions.dll
Registered in 0.012982 seconds.
Native extension for WindowsStandalone target not found
Refreshing native plugins compatible for Editor in 78.90 ms, found 4 plugins.
Preloading 1 native plugins for Editor in 0.09 ms.
Invoked RoslynAnalysisRunner static constructor.
RoslynAnalysisRunner will not be running.
RoslynAnalysisRunner has terminated.
Mono: successfully reloaded assembly
- Completed reload, in  4.803 seconds
Platform modules already initialized, skipping
Registering precompiled user dll's ...
Registered in 0.007254 seconds.
Begin MonoManager ReloadAssembly
Native extension for WindowsStandalone target not found
Refreshing native plugins compatible for Editor in 1.11 ms, found 4 plugins.
Preloading 1 native plugins for Editor in 0.10 ms.
Invoked RoslynAnalysisRunner static constructor.
RoslynAnalysisRunner will not be running.
RoslynAnalysisRunner has terminated.
[XR] OculusXRPlugin: registering subsystems
[XR] Unable to register display lifecyle provider: [1]
[XR] Oculus Input lifecycle provider registered.
[XR] Unable to register input lifecyle provider: [1]
[XR] OVRP version 1.65.0
Mono: successfully reloaded assembly
- Completed reload, in  2.080 seconds
Platform modules already initialized, skipping
========================================================================
Worker process is ready to serve import requests
Shader 'Oculus/OVRMRCameraFrameLit': fallback shader 'Alpha-Diffuse' not found
Launched and connected shader compiler UnityShaderCompiler.exe after 0.20 seconds
Refreshing native plugins compatible for Editor in 1.10 ms, found 4 plugins.
Preloading 1 native plugins for Editor in 0.09 ms.
Unloading 1836 Unused Serialized files (Serialized files now loaded: 0)
System memory in use before: 94.0 MB.
System memory in use after: 94.0 MB.

Unloading 36 unused Assets to reduce memory usage. Loaded Objects now: 2265.
Total: 4.247400 ms (FindLiveObjects: 0.837000 ms CreateObjectMapping: 0.119900 ms MarkObjects: 3.042700 ms  DeleteObjects: 0.245000 ms)

========================================================================
Received Import Request.
  path: Assets/Scripts/RevRevolver.cs
  artifactKey: Guid(d6fd2a5ef5bb49f459b1b126dbe1ec8b) Importer(815301076,1909f56bfc062723c751e8b465ee728b)
Start importing Assets/Scripts/RevRevolver.cs using Guid(d6fd2a5ef5bb49f459b1b126dbe1ec8b) Importer(815301076,1909f56bfc062723c751e8b465ee728b)  -> (artifact id: '47b484670d24bc650a5f015ac6899353') in 0.136103 seconds
  Import took 0.265455 seconds .

========================================================================
Received Import Request.
  Time since last request: 1759.797417 seconds.
  path: Assets/Scripts/RevRevolver.cs
  artifactKey: Guid(d6fd2a5ef5bb49f459b1b126dbe1ec8b) Importer(815301076,1909f56bfc062723c751e8b465ee728b)
Start importing Assets/Scripts/RevRevolver.cs using Guid(d6fd2a5ef5bb49f459b1b126dbe1ec8b) Importer(815301076,1909f56bfc062723c751e8b465ee728b)  -> (artifact id: 'd7de97735f6de743950499be7aa4a5eb') in 0.003649 seconds
  Import took 0.022445 seconds .

========================================================================
Received Import Request.
  Time since last request: 0.717994 seconds.
  path: Assets/Scripts/RevRevolver.cs
  artifactKey: Guid(d6fd2a5ef5bb49f459b1b126dbe1ec8b) Importer(815301076,1909f56bfc062723c751e8b465ee728b)
Start importing Assets/Scripts/RevRevolver.cs using Guid(d6fd2a5ef5bb49f459b1b126dbe1ec8b) Importer(815301076,1909f56bfc062723c751e8b465ee728b)  -> (artifact id: 'd7de97735f6de743950499be7aa4a5eb') in 0.005331 seconds
  Import took 0.013097 seconds .

========================================================================
Received Prepare
Registering precompiled user dll's ...
Registered in 0.202702 seconds.
Begin MonoManager ReloadAssembly
Native extension for WindowsStandalone target not found
Refreshing native plugins compatible for Editor in 1.61 ms, found 4 plugins.
Preloading 1 native plugins for Editor in 0.12 ms.
Invoked RoslynAnalysisRunner static constructor.
RoslynAnalysisRunner will not be running.
RoslynAnalysisRunner has terminated.
Mono: successfully reloaded assembly
- Completed reload, in  1.837 seconds
Platform modules already initialized, skipping
Shader 'Oculus/OVRMRCameraFrameLit': fallback shader 'Alpha-Diffuse' not found
Refreshing native plugins compatible for Editor in 1.75 ms, found 4 plugins.
Preloading 1 native plugins for Editor in 0.10 ms.
Unloading 1766 Unused Serialized files (Serialized files now loaded: 0)
System memory in use before: 89.4 MB.
System memory in use after: 89.5 MB.

Unloading 31 unused Assets to reduce memory usage. Loaded Objects now: 2269.
Total: 6.354300 ms (FindLiveObjects: 0.624500 ms CreateObjectMapping: 0.206700 ms MarkObjects: 5.390600 ms  DeleteObjects: 0.129800 ms)

AssetImportWorkerClient::OnTransportError - code=2 error=End of file
