Using pre-set license
Built from '2020.3/release' branch; Version is '2020.3.1f1 (77a89f25062f) revision 7841951'; Using compiler version '192528614'; Build Type 'Release'
OS: 'Windows 10 Education; OS build 19042.1645; Version 2009; 64bit' Language: 'ko' Physical Memory: 24522 MB
BatchMode: 1, IsHumanControllingUs: 0, StartBugReporterOnCrash: 0, Is64bit: 1, IsPro: 0

 COMMAND LINE ARGUMENTS:
C:\2020.3.1f1\Editor\Unity.exe
-adb2
-batchMode
-noUpm
-name
AssetImportWorker0
-projectPath
F:/2DPlatformer/Draw_VR
-logFile
Logs/AssetImportWorker0.log
-srvPort
3355
Successfully changed project path to: F:/2DPlatformer/Draw_VR
F:/2DPlatformer/Draw_VR
Using Asset Import Pipeline V2.
Refreshing native plugins compatible for Editor in 84.96 ms, found 4 plugins.
Preloading 1 native plugins for Editor in 2.02 ms.
Initialize engine version: 2020.3.1f1 (77a89f25062f)
[Subsystems] Discovering subsystems at path C:/2020.3.1f1/Editor/Data/Resources/UnitySubsystems
[Subsystems] Discovering subsystems at path F:/2DPlatformer/Draw_VR/Assets
GfxDevice: creating device client; threaded=0
Direct3D:
    Version:  Direct3D 11.0 [level 11.1]
    Renderer: NVIDIA GeForce GTX 1660 SUPER (ID=0x21c4)
    Vendor:   
    VRAM:     5991 MB
    Driver:   30.0.15.1215
Shader 'Oculus/OVRMRCameraFrameLit': fallback shader 'Alpha-Diffuse' not found
Initialize mono
Mono path[0] = 'C:/2020.3.1f1/Editor/Data/Managed'
Mono path[1] = 'C:/2020.3.1f1/Editor/Data/MonoBleedingEdge/lib/mono/unityjit'
Mono config path = 'C:/2020.3.1f1/Editor/Data/MonoBleedingEdge/etc'
Using monoOptions --debugger-agent=transport=dt_socket,embedding=1,server=y,suspend=n,address=127.0.0.1:56176
Begin MonoManager ReloadAssembly
Registering precompiled unity dll's ...
Register platform support module: C:/2020.3.1f1/Editor/Data/PlaybackEngines/WindowsStandaloneSupport/UnityEditor.WindowsStandalone.Extensions.dll
Registered in 0.008939 seconds.
Native extension for WindowsStandalone target not found
Refreshing native plugins compatible for Editor in 83.43 ms, found 4 plugins.
Preloading 1 native plugins for Editor in 0.08 ms.
Invoked RoslynAnalysisRunner static constructor.
RoslynAnalysisRunner will not be running.
RoslynAnalysisRunner has terminated.
Mono: successfully reloaded assembly
- Completed reload, in  3.900 seconds
Platform modules already initialized, skipping
Registering precompiled user dll's ...
Registered in 0.005187 seconds.
Begin MonoManager ReloadAssembly
Native extension for WindowsStandalone target not found
Refreshing native plugins compatible for Editor in 1.04 ms, found 4 plugins.
Preloading 1 native plugins for Editor in 0.09 ms.
Invoked RoslynAnalysisRunner static constructor.
RoslynAnalysisRunner will not be running.
RoslynAnalysisRunner has terminated.
[XR] OculusXRPlugin: registering subsystems
[XR] Unable to register display lifecyle provider: [1]
[XR] Oculus Input lifecycle provider registered.
[XR] Unable to register input lifecyle provider: [1]
[XR] OVRP version 1.65.0
Mono: successfully reloaded assembly
- Completed reload, in  1.960 seconds
Platform modules already initialized, skipping
========================================================================
Worker process is ready to serve import requests
Shader 'Oculus/OVRMRCameraFrameLit': fallback shader 'Alpha-Diffuse' not found
Launched and connected shader compiler UnityShaderCompiler.exe after 0.20 seconds
Refreshing native plugins compatible for Editor in 6.78 ms, found 4 plugins.
Preloading 1 native plugins for Editor in 0.12 ms.
Unloading 1832 Unused Serialized files (Serialized files now loaded: 0)
System memory in use before: 93.8 MB.
System memory in use after: 93.9 MB.

Unloading 36 unused Assets to reduce memory usage. Loaded Objects now: 2261.
Total: 3.673900 ms (FindLiveObjects: 0.267000 ms CreateObjectMapping: 0.053100 ms MarkObjects: 3.185900 ms  DeleteObjects: 0.166100 ms)

========================================================================
Received Import Request.
  path: Assets/Scripts/RevBullet.cs
  artifactKey: Guid(35acda474bae06848b574d9702988e76) Importer(815301076,1909f56bfc062723c751e8b465ee728b)
Start importing Assets/Scripts/RevBullet.cs using Guid(35acda474bae06848b574d9702988e76) Importer(815301076,1909f56bfc062723c751e8b465ee728b)  -> (artifact id: 'd1a2fa8d28c1fb42a3b7e735e9c7651f') in 0.105548 seconds
  Import took 0.109311 seconds .

========================================================================
Received Import Request.
  Time since last request: 2376.622148 seconds.
  path: Assets/Scripts/RevSoundEffect.cs
  artifactKey: Guid(ddc42d7c725b6f64c9c125079af488cc) Importer(815301076,1909f56bfc062723c751e8b465ee728b)
Start importing Assets/Scripts/RevSoundEffect.cs using Guid(ddc42d7c725b6f64c9c125079af488cc) Importer(815301076,1909f56bfc062723c751e8b465ee728b)  -> (artifact id: 'b261583c66d338ac697100b75d1a77ec') in 0.005005 seconds
  Import took 0.010789 seconds .

========================================================================
Received Import Request.
  Time since last request: 439.112002 seconds.
  path: Assets/Scripts/RevSoundEffect.cs
  artifactKey: Guid(ddc42d7c725b6f64c9c125079af488cc) Importer(815301076,1909f56bfc062723c751e8b465ee728b)
Start importing Assets/Scripts/RevSoundEffect.cs using Guid(ddc42d7c725b6f64c9c125079af488cc) Importer(815301076,1909f56bfc062723c751e8b465ee728b)  -> (artifact id: 'ad777bc272365d154768ebd2d2dddb14') in 0.005735 seconds
  Import took 0.016524 seconds .

========================================================================
Received Import Request.
  Time since last request: 67.822821 seconds.
  path: Assets/Scripts/RevImpactSound.cs
  artifactKey: Guid(827c5b1a5a7d52840bb4031cc2aa35a7) Importer(815301076,1909f56bfc062723c751e8b465ee728b)
Start importing Assets/Scripts/RevImpactSound.cs using Guid(827c5b1a5a7d52840bb4031cc2aa35a7) Importer(815301076,1909f56bfc062723c751e8b465ee728b)  -> (artifact id: '19c2a72efe344971f2f117b56debd05e') in 0.011980 seconds
  Import took 0.022149 seconds .

========================================================================
Received Import Request.
  Time since last request: 433.338588 seconds.
  path: Assets/Scripts/RevImpactSound.cs
  artifactKey: Guid(827c5b1a5a7d52840bb4031cc2aa35a7) Importer(815301076,1909f56bfc062723c751e8b465ee728b)
Start importing Assets/Scripts/RevImpactSound.cs using Guid(827c5b1a5a7d52840bb4031cc2aa35a7) Importer(815301076,1909f56bfc062723c751e8b465ee728b)  -> (artifact id: 'a60e4386697bcfc30a6d0fcf3c2cf42a') in 0.009104 seconds
  Import took 0.017499 seconds .

========================================================================
Received Import Request.
  Time since last request: 115.006290 seconds.
  path: Assets/Scripts/RevOutline.cs
  artifactKey: Guid(35baed53305cef94698f6b54f9946605) Importer(815301076,1909f56bfc062723c751e8b465ee728b)
Start importing Assets/Scripts/RevOutline.cs using Guid(35baed53305cef94698f6b54f9946605) Importer(815301076,1909f56bfc062723c751e8b465ee728b)  -> (artifact id: 'a03affbecfe4334a2d3a2e1b9bd5cb96') in 0.052577 seconds
  Import took 0.065123 seconds .

========================================================================
Received Import Request.
  Time since last request: 49.033431 seconds.
  path: Assets/Scripts/RevFireBullet.cs
  artifactKey: Guid(216371467775ddd469ef67ef2a4c9de5) Importer(815301076,1909f56bfc062723c751e8b465ee728b)
Start importing Assets/Scripts/RevFireBullet.cs using Guid(216371467775ddd469ef67ef2a4c9de5) Importer(815301076,1909f56bfc062723c751e8b465ee728b)  -> (artifact id: '3fb4f2ab25c7053a278df64230ead901') in 0.070618 seconds
  Import took 0.081048 seconds .

========================================================================
Received Import Request.
  Time since last request: 30.019143 seconds.
  path: Assets/Scripts/RevLinearAcceleration.cs
  artifactKey: Guid(7de33db80c621b44bba8211ca3069cc9) Importer(815301076,1909f56bfc062723c751e8b465ee728b)
Start importing Assets/Scripts/RevLinearAcceleration.cs using Guid(7de33db80c621b44bba8211ca3069cc9) Importer(815301076,1909f56bfc062723c751e8b465ee728b)  -> (artifact id: '17b9916ab141ab90a2ea6c974805a470') in 0.003937 seconds
  Import took 0.012190 seconds .

========================================================================
Received Import Request.
  Time since last request: 0.003427 seconds.
  path: Assets/Scripts/RevLinearAcceleration.cs
  artifactKey: Guid(7de33db80c621b44bba8211ca3069cc9) Importer(815301076,1909f56bfc062723c751e8b465ee728b)
Start importing Assets/Scripts/RevLinearAcceleration.cs using Guid(7de33db80c621b44bba8211ca3069cc9) Importer(815301076,1909f56bfc062723c751e8b465ee728b)  -> (artifact id: '17b9916ab141ab90a2ea6c974805a470') in 0.005585 seconds
  Import took 0.011526 seconds .

========================================================================
Received Import Request.
  Time since last request: 2487.543174 seconds.
  path: Assets/Scripts/RevOutline.cs
  artifactKey: Guid(35baed53305cef94698f6b54f9946605) Importer(815301076,1909f56bfc062723c751e8b465ee728b)
Start importing Assets/Scripts/RevOutline.cs using Guid(35baed53305cef94698f6b54f9946605) Importer(815301076,1909f56bfc062723c751e8b465ee728b)  -> (artifact id: 'bceb17972ee278180f492ba3f62b1680') in 0.033110 seconds
  Import took 0.047772 seconds .

========================================================================
Received Import Request.
  Time since last request: 0.155194 seconds.
  path: Assets/Scripts/RevOutline.cs
  artifactKey: Guid(35baed53305cef94698f6b54f9946605) Importer(815301076,1909f56bfc062723c751e8b465ee728b)
Start importing Assets/Scripts/RevOutline.cs using Guid(35baed53305cef94698f6b54f9946605) Importer(815301076,1909f56bfc062723c751e8b465ee728b)  -> (artifact id: 'bceb17972ee278180f492ba3f62b1680') in 0.033992 seconds
  Import took 0.138902 seconds .

AssetImportWorkerClient::OnTransportError - code=2 error=End of file
